<?xml version="1.0" encoding="UTF-8" ?>
<testsuites errors="3"
            failures="1"
            tests="4">

  <testsuite name="noticeofoutstandingbill"
    errors="3" failures="1" hostname="" id="" package="noticeofoutstandingbill" skipped="0"
    tests="4" time="50.37" timestamp="Wed, 15 Jun 2016 13:10:01 GMT">
  
    <testcase name="login" time="25.97" assertions="3">

    

    

    
    </testcase>
      <system-err>
         ERROR: Unable to locate element: &quot;button[class=&quot;btn btn-primary requestRecHidden uncompletedVisible&quot;][type=&quot;submit&quot;]&quot; using: xpath
 ERROR: Unable to locate element: &quot;#acceptstatement_id_error&quot; using: css selector
      </system-err>
  
    <testcase name="view files" time="8.985" assertions="2">

    

    
    </testcase>
      <system-err>
         ERROR: Unable to locate element: &quot;button[class=&quot;btn btn-primary requestRecHidden uncompletedVisible&quot;][type=&quot;submit&quot;]&quot; using: xpath
 ERROR: Unable to locate element: &quot;#acceptstatement_id_error&quot; using: css selector
      </system-err>
  
    <testcase name="CPI" time="3.693" assertions="2">

    

    
    </testcase>
      <system-err>
         ERROR: Unable to locate element: &quot;button[class=&quot;btn btn-primary requestRecHidden uncompletedVisible&quot;][type=&quot;submit&quot;]&quot; using: xpath
 ERROR: Unable to locate element: &quot;#acceptstatement_id_error&quot; using: css selector
      </system-err>
  
    <testcase name="Admin Forms" time="11.72" assertions="12">

    

    

    

    

    

    

      <failure message="Testing if element &lt;#insuranceCompanyid_error&gt; is visible.">    at Object.&lt;anonymous&gt; (C:\dev1\nightwatch\node_modules\nightwatch\EHRadmin\noticeofoutstandingbill.js:105:20)
    at Object.&lt;anonymous&gt; (C:\dev1\nightwatch\node_modules\nightwatch\lib\api\element-commands.js:360:20)
    at HttpRequest.&lt;anonymous&gt; (C:\dev1\nightwatch\node_modules\nightwatch\lib\index.js:339:20)
    at emitTwo (events.js:106:13)
    at HttpRequest.emit (events.js:191:7)
    at HttpRequest.&lt;anonymous&gt; (C:\dev1\nightwatch\node_modules\nightwatch\lib\index.js:367:15)
    at emitThree (events.js:116:13)
    at HttpRequest.emit (events.js:194:7)
    at IncomingMessage.&lt;anonymous&gt; (C:\dev1\nightwatch\node_modules\nightwatch\lib\http\request.js:155:16)
    at emitNone (events.js:91:20)</failure>

      <failure message="Testing if element &lt;#nameOfAttorneyid_error&gt; is visible.">    at Object.&lt;anonymous&gt; (C:\dev1\nightwatch\node_modules\nightwatch\EHRadmin\noticeofoutstandingbill.js:106:20)
    at Object.&lt;anonymous&gt; (C:\dev1\nightwatch\node_modules\nightwatch\lib\api\element-commands.js:360:20)
    at HttpRequest.&lt;anonymous&gt; (C:\dev1\nightwatch\node_modules\nightwatch\lib\index.js:339:20)
    at emitTwo (events.js:106:13)
    at HttpRequest.emit (events.js:191:7)
    at HttpRequest.&lt;anonymous&gt; (C:\dev1\nightwatch\node_modules\nightwatch\lib\index.js:367:15)
    at emitThree (events.js:116:13)
    at HttpRequest.emit (events.js:194:7)
    at IncomingMessage.&lt;anonymous&gt; (C:\dev1\nightwatch\node_modules\nightwatch\lib\http\request.js:155:16)
    at emitNone (events.js:91:20)</failure>

      <failure message="Testing if element &lt;#medicalFeesid_error&gt; is visible.">    at Object.&lt;anonymous&gt; (C:\dev1\nightwatch\node_modules\nightwatch\EHRadmin\noticeofoutstandingbill.js:107:20)
    at Object.&lt;anonymous&gt; (C:\dev1\nightwatch\node_modules\nightwatch\lib\api\element-commands.js:360:20)
    at HttpRequest.&lt;anonymous&gt; (C:\dev1\nightwatch\node_modules\nightwatch\lib\index.js:339:20)
    at emitTwo (events.js:106:13)
    at HttpRequest.emit (events.js:191:7)
    at HttpRequest.&lt;anonymous&gt; (C:\dev1\nightwatch\node_modules\nightwatch\lib\index.js:367:15)
    at emitThree (events.js:116:13)
    at HttpRequest.emit (events.js:194:7)
    at IncomingMessage.&lt;anonymous&gt; (C:\dev1\nightwatch\node_modules\nightwatch\lib\http\request.js:155:16)
    at emitNone (events.js:91:20)</failure>

      <failure message="Testing if element &lt;#acceptstatement_id_error&gt; is visible. Element could not be located.">    at Object.&lt;anonymous&gt; (C:\dev1\nightwatch\node_modules\nightwatch\EHRadmin\noticeofoutstandingbill.js:108:20)
    at Object.&lt;anonymous&gt; (C:\dev1\nightwatch\node_modules\nightwatch\lib\api\element-commands.js:360:20)
    at HttpRequest.&lt;anonymous&gt; (C:\dev1\nightwatch\node_modules\nightwatch\lib\index.js:339:20)
    at emitTwo (events.js:106:13)
    at HttpRequest.emit (events.js:191:7)
    at HttpRequest.&lt;anonymous&gt; (C:\dev1\nightwatch\node_modules\nightwatch\lib\index.js:367:15)
    at emitThree (events.js:116:13)
    at HttpRequest.emit (events.js:194:7)
    at IncomingMessage.&lt;anonymous&gt; (C:\dev1\nightwatch\node_modules\nightwatch\lib\http\request.js:155:16)
    at emitNone (events.js:91:20)</failure>

      <failure message="Testing if element &lt;#noticeofoutstandingwholeForm_error&gt; is visible.">    at Object.&lt;anonymous&gt; (C:\dev1\nightwatch\node_modules\nightwatch\EHRadmin\noticeofoutstandingbill.js:109:20)
    at Object.&lt;anonymous&gt; (C:\dev1\nightwatch\node_modules\nightwatch\lib\api\element-commands.js:360:20)
    at HttpRequest.&lt;anonymous&gt; (C:\dev1\nightwatch\node_modules\nightwatch\lib\index.js:339:20)
    at emitTwo (events.js:106:13)
    at HttpRequest.emit (events.js:191:7)
    at HttpRequest.&lt;anonymous&gt; (C:\dev1\nightwatch\node_modules\nightwatch\lib\index.js:367:15)
    at emitThree (events.js:116:13)
    at HttpRequest.emit (events.js:194:7)
    at IncomingMessage.&lt;anonymous&gt; (C:\dev1\nightwatch\node_modules\nightwatch\lib\http\request.js:155:16)
    at emitNone (events.js:91:20)</failure>

    
    </testcase>
      <system-err>
         ERROR: Unable to locate element: &quot;button[class=&quot;btn btn-primary requestRecHidden uncompletedVisible&quot;][type=&quot;submit&quot;]&quot; using: xpath
 ERROR: Unable to locate element: &quot;#acceptstatement_id_error&quot; using: css selector
      </system-err>
  
  
  </testsuite>
</testsuites>
