<?xml version="1.0" encoding="UTF-8" ?>
<testsuites errors="0"
            failures="1"
            tests="13">

  <testsuite name="taxanddiscount"
    errors="0" failures="1" hostname="" id="" package="taxanddiscount" skipped="0"
    tests="13" time="313.4" timestamp="Tue, 04 Oct 2016 12:34:15 GMT">
  
    <testcase name="login" time="71.88" assertions="3">

    

    

    
    </testcase>
  
    <testcase name="Billing" time="10.07" assertions="1">

    
    </testcase>
  
    <testcase name="Add Tax" time="20.57" assertions="3">

    

    

    
    </testcase>
  
    <testcase name="Add Discount" time="13.05" assertions="3">

    

    

    
    </testcase>
  
    <testcase name="Open Patient" time="30.36" assertions="8">

    

    

    

    

    

    

    

    
    </testcase>
  
    <testcase name="Open Treatmentplan 1" time="19.28" assertions="5">

    

    

    

    

    
    </testcase>
  
    <testcase name="Billing 2" time="22.97" assertions="1">

    
    </testcase>
  
    <testcase name="Remove Default Tax" time="16.61" assertions="1">

    
    </testcase>
  
    <testcase name="Open Treatmentplan 2" time="32.34" assertions="9">

    

    

    

    

    

    

    

    

    
    </testcase>
  
    <testcase name="Fee Schedule" time="20.34" assertions="2">

    

    
    </testcase>
  
    <testcase name="Open Patient 3" time="19.06" assertions="6">

    

    

    

      <failure message="Testing if element &lt;//*[@id=&#39;billing&#39;]/tbody/tr[1]/td[3]&gt; contains text: &quot;137.5&quot;.">    at Object.&lt;anonymous&gt; (C:\dev1\nightwatch\node_modules\nightwatch\EHRadmin\taxanddiscount.js:314:24)
    at HttpRequest.&lt;anonymous&gt; (C:\dev1\nightwatch\node_modules\nightwatch\lib\index.js:339:20)
    at emitTwo (events.js:106:13)
    at HttpRequest.emit (events.js:191:7)
    at HttpRequest.&lt;anonymous&gt; (C:\dev1\nightwatch\node_modules\nightwatch\lib\index.js:367:15)
    at emitThree (events.js:116:13)
    at HttpRequest.emit (events.js:194:7)
    at IncomingMessage.&lt;anonymous&gt; (C:\dev1\nightwatch\node_modules\nightwatch\lib\http\request.js:155:16)
    at emitNone (events.js:91:20)
    at IncomingMessage.emit (events.js:185:7)</failure>

      <failure message="Testing if element &lt;//*[@id=&#39;billing&#39;]/tbody/tr[2]/td[3]&gt; contains text: &quot;125&quot;.">    at Object.&lt;anonymous&gt; (C:\dev1\nightwatch\node_modules\nightwatch\EHRadmin\taxanddiscount.js:315:24)
    at HttpRequest.&lt;anonymous&gt; (C:\dev1\nightwatch\node_modules\nightwatch\lib\index.js:339:20)
    at emitTwo (events.js:106:13)
    at HttpRequest.emit (events.js:191:7)
    at HttpRequest.&lt;anonymous&gt; (C:\dev1\nightwatch\node_modules\nightwatch\lib\index.js:367:15)
    at emitThree (events.js:116:13)
    at HttpRequest.emit (events.js:194:7)
    at IncomingMessage.&lt;anonymous&gt; (C:\dev1\nightwatch\node_modules\nightwatch\lib\http\request.js:155:16)
    at emitNone (events.js:91:20)
    at IncomingMessage.emit (events.js:185:7)</failure>

    
    </testcase>
  
    <testcase name="Change Discount" time="14.14" assertions="7">

    

    

    

    

    

    

    
    </testcase>
  
    <testcase name="Delete added Tax and Discount" time="22.75" assertions="7">

    

    

    

    

    

    

    
    </testcase>
  
  
  </testsuite>
</testsuites>
